{ Using PSTWRITER 16.6.0 d001Mar-14-2024 at 20:00:32 }

INFO(ORCAP-36102): Diff Pair DRC check Warnings:
INFO(ORCAP-17055): Differential pair USB_DP4 has only one net UART_DM associated with it. A valid differential pair must have two nets associated with it. 

#1 WARNING(ORCAP-36006): Part Name "USB3_TYPEC_0_CON_USB3_STC_SMD50P_12N_MM_USB3_TYPEC" is renamed to "USB3_TYPEC_0_CON_USB3_STC_SMD50".
#2 WARNING(ORCAP-36042): Pin "GND" is renamed to "GND#A1B12" as visible power pin of same name already exists in Package USB3_TYPEC_0 , CN1: SCHEMATIC1, PAGE01_ASR6601CB_FEM_TB (121.92, 177.80).
#3 WARNING(ORCAP-36042): Pin "VBUS" is renamed to "VBUS#A4B9" as visible power pin of same name already exists in Package USB3_TYPEC_0 , CN1: SCHEMATIC1, PAGE01_ASR6601CB_FEM_TB (121.92, 177.80).
#4 WARNING(ORCAP-36042): Pin "VBUS" is renamed to "VBUS#B4A9" as visible power pin of same name already exists in Package USB3_TYPEC_0 , CN1: SCHEMATIC1, PAGE01_ASR6601CB_FEM_TB (121.92, 177.80).
#5 WARNING(ORCAP-36042): Pin "GND" is renamed to "GND#B1A12" as visible power pin of same name already exists in Package USB3_TYPEC_0 , CN1: SCHEMATIC1, PAGE01_ASR6601CB_FEM_TB (121.92, 177.80).
#6 WARNING(ORCAP-36006): Part Name "CN_USB_MICRO_0_USB_MICRO_5N_USB_MICRO" is renamed to "CN_USB_MICRO_0_USB_MICRO_5N_USB".
#7 WARNING(ORCAP-36042): Pin "GND" is renamed to "GND#5" as visible power pin of same name already exists in Package CN_USB_MICRO_0 , CN2: SCHEMATIC1, PAGE01_ASR6601CB_FEM_TB (132.08, 137.16).
#8 WARNING(ORCAP-36042): Pin "GND" is renamed to "GND#6" as visible power pin of same name already exists in Package CN_USB_MICRO_0 , CN2: SCHEMATIC1, PAGE01_ASR6601CB_FEM_TB (132.08, 137.16).
#9 WARNING(ORCAP-36042): Pin "GND" is renamed to "GND#8" as visible power pin of same name already exists in Package CN_USB_MICRO_0 , CN2: SCHEMATIC1, PAGE01_ASR6601CB_FEM_TB (132.08, 137.16).
#10 WARNING(ORCAP-36042): Pin "GND" is renamed to "GND#9" as visible power pin of same name already exists in Package CN_USB_MICRO_0 , CN2: SCHEMATIC1, PAGE01_ASR6601CB_FEM_TB (132.08, 137.16).
#11 WARNING(ORCAP-36042): Pin "GND" is renamed to "GND#10" as visible power pin of same name already exists in Package CN_USB_MICRO_0 , CN2: SCHEMATIC1, PAGE01_ASR6601CB_FEM_TB (132.08, 137.16).
#12 WARNING(ORCAP-36042): Pin "GND" is renamed to "GND#11" as visible power pin of same name already exists in Package CN_USB_MICRO_0 , CN2: SCHEMATIC1, PAGE01_ASR6601CB_FEM_TB (132.08, 137.16).
#13 WARNING(ORCAP-36042): Pin "GND" is renamed to "GND#7" as visible power pin of same name already exists in Package CN_USB_MICRO_0 , CN2: SCHEMATIC1, PAGE01_ASR6601CB_FEM_TB (132.08, 137.16).
#14 WARNING(ORCAP-36006): Part Name "TVS-UNI_1_DFN_100X60_2N_MM_ESD5301N" is renamed to "TVS-UNI_1_DFN_100X60_2N_MM_ESD5".
#15 WARNING(ORCAP-36006): Part Name "TVS-BI_DFN_100X60_2N_MM_ESD5411N" is renamed to "TVS-BI_DFN_100X60_2N_MM_ESD5411".
#16 WARNING(ORCAP-36006): Part Name "SMA_1_CON_SMA_1420X700_5N_MM_SMA EDGE MOUNT" is renamed to "SMA_1_CON_SMA_1420X700_5N_MM_SM".
#17 WARNING(ORCAP-36006): Part Name "CN_6_ASR6601TB_2000X3600_20N_MM_HDR" is renamed to "CN_6_ASR6601TB_2000X3600_20N_MM".
#18 WARNING(ORCAP-36006): Part Name "HEADER_2P_SIP_THT_SIP254P_2N_MM_HDR2X1_THT" is renamed to "HEADER_2P_SIP_THT_SIP254P_2N_MM".
#19 WARNING(ORCAP-36006): Part Name "SW_B3S_0_SW_SMT350X600_2N_MM_SWK" is renamed to "SW_B3S_0_SW_SMT350X600_2N_MM_SW".
#20 WARNING(ORCAP-36006): Part Name "SW_3P_0_SW_SIP200P_860X470_5N_MM_POWER SWITCH/DIP-5" is renamed to "SW_3P_0_SW_SIP200P_860X470_5N_M".
#21 WARNING(ORCAP-36042): Pin "GND" is renamed to "GND#4" as visible power pin of same name already exists in Package SW_3P_0 , SW4: SCHEMATIC1, PAGE01_ASR6601CB_FEM_TB (218.44, 81.28).
#22 WARNING(ORCAP-36042): Pin "GND" is renamed to "GND#5" as visible power pin of same name already exists in Package SW_3P_0 , SW4: SCHEMATIC1, PAGE01_ASR6601CB_FEM_TB (218.44, 81.28).
#23 WARNING(ORCAP-36006): Part Name "CP2104_0_QFN50P_400X400_24N_MM_CP2104" is renamed to "CP2104_0_QFN50P_400X400_24N_MM_".
#24 WARNING(ORCAP-36006): Part Name "NL37WZ14_US50P_200X230_8N_MM_NL37WZ14" is renamed to "NL37WZ14_US50P_200X230_8N_MM_NL".
INFO(ORCAP-36080): Scanning netlist files ...

Loading... F:\WORKSPACE\ALLEGRO16P6\LORA_WOOD\LORA_MD\13_ASR6601_PA_MD\ASR6601_FEM_TB\SCHEM\allegro/pstchip.dat

Loading... F:\WORKSPACE\ALLEGRO16P6\LORA_WOOD\LORA_MD\13_ASR6601_PA_MD\ASR6601_FEM_TB\SCHEM\allegro/pstchip.dat

Loading... F:\WORKSPACE\ALLEGRO16P6\LORA_WOOD\LORA_MD\13_ASR6601_PA_MD\ASR6601_FEM_TB\SCHEM\allegro/pstxprt.dat

Loading... F:\WORKSPACE\ALLEGRO16P6\LORA_WOOD\LORA_MD\13_ASR6601_PA_MD\ASR6601_FEM_TB\SCHEM\allegro/pstxnet.dat
packaging the design view...