(---------------------------------------------------------------------)
(                                                                     )
(    NC DRILL Log                                                     )
(                                                                     )
(    Drawing          : ASR6601CB_PA_TB_V11_240301.brd                )
(    Software Version : 16.6-2015S088                                 )
(    Date/Time        : Tue Mar 19 16:36:14 2024                      )
(                                                                     )
(---------------------------------------------------------------------)



 Processing NC Parameters file 'nc_param.txt' ...

 NC PARAMETERS
 -------------

 FORMAT   		2.5
 MACHINE-OFFSET		x:0.00000	y:0.00000   (mm)
 FEEDRATE		1
 COORDINATES		ABSOLUTE
 OUTPUT-UNITS		METRIC
 TOOL-ORDER		INCREASING
 REPEAT-CODES		YES
 SUPPRESS-LEAD-ZEROES	YES
 SUPPRESS-TRAIL-ZEROES	NO
 SUPPRESS-EQUAL		YES
 TOOL-SELECT		YES
 HEADER			none
 LEADER			12
 CODE			ASCII
 SEPARATE		NO
 SEPARATE-ROUTING	YES
 OPTIMIZE_DRILLING	NO
 ENHANCED_EXCELLON	YES
 SCALE			1.000000

 WARNING(SPMHMF-365): This design contains 9 slot holes that can NOT be drilled.
 WARNING(SPMHMF-366): They can be processed by NC routing instead.
 WARNING(SPMHMF-368): Cannot find NC Drill tool file 'nc_tools.txt'
 WARNING(SPMHMF-369): ... will auto-generate tool file 'nc_tools_auto.txt'.


     Auto-generating tool file 'nc_tools_auto.txt' ...

           Size  Plating  Tool        + Tolerance  - Tolerance

         0.2032  P        T01            0.076200     0.076200
         0.2540  P        T02            0.076200     0.076200
         0.3810  P        T03            0.000000     0.000000
         0.9144  P        T04            0.000000     0.000000
         3.3000  P        T05            0.000000     0.000000
         0.6500  N        T06            0.000000     0.000000


 Drill files being output to directory 'F:/WorkSpace/Allegro16P6/LoRa_Wood/LoRa_MD/13_ASR6601_PA_MD/ASR6601_PA_TB/V11/Layout' ...



     'ASR6601CB_PA_TB_V11_240301-1-2.drl' created for holes connecting TOP and BOTTOM
     --------------------------------------------------------------------------------

     Tool  Num     Size      +/- Tolerance     Plating   Quantity

     T01    1.   0.2032    0.0762/  0.0762      PLATED         17
     T02    2.   0.2540    0.0762/  0.0762      PLATED         34
     T03    3.   0.3810    0.0000/  0.0000      PLATED          4
     T04    4.   0.9144    0.0000/  0.0000      PLATED         14
     T05    5.   3.3000    0.0000/  0.0000      PLATED          4
     T06    6.   0.6500    0.0000/  0.0000  NON_PLATED          2

     ---- Total holes:                                         75

     ---- Total head travel:              4.06 feet (1.24 meters)

