{ Using PSTWRITER 16.6.0 d001Mar-14-2024 at 18:00:12 }

#1 WARNING(ORCAP-36006): Part Name "TVS-BI_ESD1006_2N_MM_RCLAMP0531T" is renamed to "TVS-BI_ESD1006_2N_MM_RCLAMP0531".
#2 WARNING(ORCAP-36006): Part Name "TVS-BI_ESD1006_2N_MM_PTVS5V5D1BL" is renamed to "TVS-BI_ESD1006_2N_MM_PTVS5V5D1B".
#3 WARNING(ORCAP-36006): Part Name "TVS-BI_ESD1006_2N_MM_PTVSUC3D3V3B" is renamed to "TVS-BI_ESD1006_2N_MM_PTVSUC3D3V".
#4 WARNING(ORCAP-36006): Part Name "CN_6_ASR6601MD_2000X3600_20N_MM_HDR" is renamed to "CN_6_ASR6601MD_2000X3600_20N_MM".
#5 WARNING(ORCAP-36006): Part Name "ASR6505_9_ASR6501_QFN40P_600X600_48N_MM_ASR6601QFN48" is renamed to "ASR6505_9_ASR6501_QFN40P_600X60".
#6 WARNING(ORCAP-36006): Part Name "XO_XTAL_SMD160X100_2N_MM_XO_32.768K" is renamed to "XO_XTAL_SMD160X100_2N_MM_XO_32.".
#7 WARNING(ORCAP-36006): Part Name "TCXO_1_OSC_SMD200X160_4N_MM_TCXO" is renamed to "TCXO_1_OSC_SMD200X160_4N_MM_TCX".
#8 WARNING(ORCAP-36042): Pin "GND" is renamed to "GND#1" as visible power pin of same name already exists in Package TCXO_1 , U3: SCHEMATIC1, 01_ASR6601CB_QFN48 (7.00, 4.60).
#9 WARNING(ORCAP-36042): Pin "GND" is renamed to "GND#2" as visible power pin of same name already exists in Package TCXO_1 , U3: SCHEMATIC1, 01_ASR6601CB_QFN48 (7.00, 4.60).
#10 WARNING(ORCAP-36006): Part Name "ZD1420_4_QFN50P_300X300_16N_MM_ZD1420" is renamed to "ZD1420_4_QFN50P_300X300_16N_MM_".
#11 WARNING(ORCAP-36042): Pin "GND" is renamed to "GND#10" as visible power pin of same name already exists in Package ZD1420_4 , U4: SCHEMATIC1, 01_ASR6601CB_QFN48 (4.40, 7.10).
#12 WARNING(ORCAP-36042): Pin "GND" is renamed to "GND#12" as visible power pin of same name already exists in Package ZD1420_4 , U4: SCHEMATIC1, 01_ASR6601CB_QFN48 (4.40, 7.10).
#13 WARNING(ORCAP-36006): Part Name "IC-LDO-SGM2035C_0_LDO_DFN50P_160X160_6N_MM_SGM2035C-3.3" is renamed to "IC-LDO-SGM2035C_0_LDO_DFN50P_16".
#14 WARNING(ORCAP-36006): Part Name "IC-LDO-SGM2035C_3_SOT95P_165X290_5N_MM_SGM2028-ADJ" is renamed to "IC-LDO-SGM2035C_3_SOT95P_165X29".
INFO(ORCAP-36080): Scanning netlist files ...

Loading... F:\WORKSPACE\ALLEGRO16P6\LORA_WOOD\LORA_MD\13_ASR6601_PA_MD\ASR6601_FEM_MD\SCHEM\allegro/pstchip.dat

Loading... F:\WORKSPACE\ALLEGRO16P6\LORA_WOOD\LORA_MD\13_ASR6601_PA_MD\ASR6601_FEM_MD\SCHEM\allegro/pstchip.dat

Loading... F:\WORKSPACE\ALLEGRO16P6\LORA_WOOD\LORA_MD\13_ASR6601_PA_MD\ASR6601_FEM_MD\SCHEM\allegro/pstxprt.dat

Loading... F:\WORKSPACE\ALLEGRO16P6\LORA_WOOD\LORA_MD\13_ASR6601_PA_MD\ASR6601_FEM_MD\SCHEM\allegro/pstxnet.dat
packaging the design view...