(---------------------------------------------------------------------)
(                                                                     )
(    NC DRILL Log                                                     )
(                                                                     )
(    Drawing          : ASR6601CB_FEM900_MD_V10_240315.brd            )
(    Software Version : 16.6-2015S088                                 )
(    Date/Time        : Thu Mar 14 19:43:30 2024                      )
(                                                                     )
(---------------------------------------------------------------------)



 Processing NC Parameters file 'nc_param.txt' ...

 NC PARAMETERS
 -------------

 FORMAT   		2.5
 MACHINE-OFFSET		x:0.00000	y:0.00000   (mm)
 FEEDRATE		1
 COORDINATES		ABSOLUTE
 OUTPUT-UNITS		METRIC
 TOOL-ORDER		INCREASING
 REPEAT-CODES		YES
 SUPPRESS-LEAD-ZEROES	YES
 SUPPRESS-TRAIL-ZEROES	NO
 SUPPRESS-EQUAL		YES
 TOOL-SELECT		YES
 HEADER			none
 LEADER			12
 CODE			ASCII
 SEPARATE		NO
 SEPARATE-ROUTING	YES
 OPTIMIZE_DRILLING	NO
 ENHANCED_EXCELLON	NO
 SCALE			1.000000

 WARNING(SPMHMF-365): This design contains 6 slot holes that can NOT be drilled.
 WARNING(SPMHMF-366): They can be processed by NC routing instead.
 WARNING(SPMHMF-368): Cannot find NC Drill tool file 'nc_tools.txt'
 WARNING(SPMHMF-369): ... will auto-generate tool file 'nc_tools_auto.txt'.


     Auto-generating tool file 'nc_tools_auto.txt' ...

           Size  Plating  Tool        + Tolerance  - Tolerance

         0.2032  P        T01            0.025400     0.025400
         0.2540  P        T02            0.025400     0.025400
         0.5000  P        T03            0.000000     0.000000


 Drill files being output to directory 'F:/WorkSpace/Allegro16P6/LoRa_Wood/LoRa_MD/13_ASR6601_PA_MD/ASR6601_FEM_MD/Layout' ...



     'ASR6601CB_FEM900_MD_V10_240315-1-4.drl' created for holes connecting TOP and BOTTOM
     ------------------------------------------------------------------------------------

     Tool  Num     Size      +/- Tolerance     Plating   Quantity

     T01    1.   0.2032    0.0254/  0.0254      PLATED        342
     T02    2.   0.2540    0.0254/  0.0254      PLATED         12
     T03    3.   0.5000    0.0000/  0.0000      PLATED         20

     ---- Total holes:                                        374

     ---- Total head travel:              5.07 feet (1.55 meters)

