(---------------------------------------------------------------------)
(                                                                     )
(    NC ROUTE Log                                                     )
(                                                                     )
(    Drawing          : ASR6601CB_FEM900_MD_V10_240315.brd            )
(    Software Version : 16.6-2015S088                                 )
(    Date/Time        : Thu Mar 14 19:43:46 2024                      )
(                                                                     )
(---------------------------------------------------------------------)



 Processing NC Parameters file 'nc_param.txt' ...

 NC PARAMETERS
 -------------

 FORMAT   		2.5
 MACHINE-OFFSET		x:0.00000	y:0.00000   (mm)
 FEEDRATE		1
 COORDINATES		ABSOLUTE
 OUTPUT-UNITS		METRIC
 TOOL-ORDER		INCREASING
 REPEAT-CODES		YES
 SUPPRESS-LEAD-ZEROES	YES
 SUPPRESS-TRAIL-ZEROES	NO
 SUPPRESS-EQUAL		YES
 TOOL-SELECT		YES
 HEADER			none
 LEADER			12
 CODE			ASCII
 SEPARATE		NO
 SEPARATE-ROUTING	NO
 OPTIMIZE_DRILLING	NO
 ENHANCED_EXCELLON	NO
 SCALE			1.000000


 WARNING(SPMHMF-326): Cannot find NC Route bit tool file 'ncroutebits.txt'
 WARNING(SPMHMF-327): ... will auto-generate bit tool file 'ncroutebits_auto.txt'.

 Auto-generating tool file 'ncroutebits_auto.txt' ...

     0.0600  T01       
     0.2500  T02       

-------------------------------------------------------------

 Pre_processing route path data ...

 WARNING(SPMHMF-301): No start point indicators found on the board.
 WARNING(SPMHMF-302): Start and end points for route paths will be selected at random.

-------------------------------------------------------------

 Processing route path data ...

 WARNING(SPMHMF-307): Start point indicator for route at (68.656200 31.724600) not found.
 WARNING(SPMHMF-308): Start point chosen at random.

 WARNING(SPMHMF-307): Start point indicator for route at (68.656200 31.165800) not found.
 WARNING(SPMHMF-308): Start point chosen at random.

 WARNING(SPMHMF-307): Start point indicator for route at (68.656200 31.165800) not found.
 WARNING(SPMHMF-308): Start point chosen at random.

 WARNING(SPMHMF-307): Start point indicator for route at (68.656200 30.632400) not found.
 WARNING(SPMHMF-308): Start point chosen at random.

 WARNING(SPMHMF-307): Start point indicator for route at (68.808600 29.083000) not found.
 WARNING(SPMHMF-308): Start point chosen at random.

 WARNING(SPMHMF-307): Start point indicator for route at (69.367400 29.083000) not found.
 WARNING(SPMHMF-308): Start point chosen at random.

 WARNING(SPMHMF-307): Start point indicator for route at (69.367400 29.083000) not found.
 WARNING(SPMHMF-308): Start point chosen at random.

 WARNING(SPMHMF-307): Start point indicator for route at (69.900800 29.083000) not found.
 WARNING(SPMHMF-308): Start point chosen at random.

 EXPLANATION OF 'START POINT INDICATORS' ...

 The direction in which a route path is cut can be
 controlled by adding the character '1' at (or near)
 the vertex that you want to be the start point of the cut.
 This character (referred to as a 'start point indicator')
 is added by using the ADD TEXT command.

 In the case of a complete loop, direction can be specified
 by adding the character '1' at the first point on the path
 and the character '2' at the second point along the path.


-------------------------------------------------------------

 Processing slot hole data ...

 OVAL      slots routed: 6
 RECTANGLE slots routed: 0

-------------------------------------------------------------

 NC Route file 'ASR6601CB_FEM900_MD_V10_240315.rou' created ...

-------------------------------------------------------------

 Program completed WITH WARNINGS.

